<templateSet group="Junit">
  <template name="test" value="@org.junit.jupiter.api.Test&#10;public void $NAME$() {&#10;    $END$&#10;}" description="Testmethod" toReformat="true" toShortenFQNames="true">
    <variable name="NAME" expression="" defaultValue="" alwaysStopAt="true" />
    <context>
      <option name="COMPLETION" value="false" />
      <option name="JAVA_CODE" value="true" />
      <option name="JAVA_COMMENT" value="false" />
      <option name="JAVA_STRING" value="false" />
    </context>
  </template>
</templateSet>